0 info it worked if it ends with ok
1 verbose cli [ '/usr/local/Cellar/node/5.1.1/bin/node',
1 verbose cli   '/usr/local/bin/npm',
1 verbose cli   'install',
1 verbose cli   '-g',
1 verbose cli   'nvm' ]
2 info using npm@3.3.12
3 info using node@v5.1.1
4 silly loadCurrentTree Starting
5 silly install loadCurrentTree
6 silly install readGlobalPackageData
7 silly fetchPackageMetaData nvm
8 silly fetchNamedPackageData nvm
9 silly mapToRegistry name nvm
10 silly mapToRegistry using default registry
11 silly mapToRegistry registry https://registry.npmjs.org/
12 silly mapToRegistry uri https://registry.npmjs.org/nvm
13 verbose request uri https://registry.npmjs.org/nvm
14 verbose request no auth needed
15 info attempt registry request try #1 at 4:20:34 PM
16 verbose request id 9d2f714ee7a3a656
17 http request GET https://registry.npmjs.org/nvm
18 http 200 https://registry.npmjs.org/nvm
19 verbose headers { server: 'CouchDB/1.5.0 (Erlang OTP/R16B03)',
19 verbose headers   etag: '"BSW937IB6WMD0F3FG62SV9T0Z"',
19 verbose headers   'content-type': 'application/json',
19 verbose headers   'cache-control': 'max-age=300',
19 verbose headers   'content-length': '4681',
19 verbose headers   'accept-ranges': 'bytes',
19 verbose headers   date: 'Sat, 13 Feb 2016 00:20:35 GMT',
19 verbose headers   via: '1.1 varnish',
19 verbose headers   age: '0',
19 verbose headers   connection: 'keep-alive',
19 verbose headers   'x-served-by': 'cache-sjc3123-SJC',
19 verbose headers   'x-cache': 'HIT',
19 verbose headers   'x-cache-hits': '1',
19 verbose headers   'x-timer': 'S1455322835.141855,VS0,VE43',
19 verbose headers   vary: 'Accept' }
20 silly get cb [ 200,
20 silly get   { server: 'CouchDB/1.5.0 (Erlang OTP/R16B03)',
20 silly get     etag: '"BSW937IB6WMD0F3FG62SV9T0Z"',
20 silly get     'content-type': 'application/json',
20 silly get     'cache-control': 'max-age=300',
20 silly get     'content-length': '4681',
20 silly get     'accept-ranges': 'bytes',
20 silly get     date: 'Sat, 13 Feb 2016 00:20:35 GMT',
20 silly get     via: '1.1 varnish',
20 silly get     age: '0',
20 silly get     connection: 'keep-alive',
20 silly get     'x-served-by': 'cache-sjc3123-SJC',
20 silly get     'x-cache': 'HIT',
20 silly get     'x-cache-hits': '1',
20 silly get     'x-timer': 'S1455322835.141855,VS0,VE43',
20 silly get     vary: 'Accept' } ]
21 verbose get saving nvm to /Users/christinesunu/.npm/registry.npmjs.org/nvm/.cache.json
22 silly install normalizeTree
23 silly loadCurrentTree Finishing
24 silly loadIdealTree Starting
25 silly install loadIdealTree
26 silly cloneCurrentTree Starting
27 silly install cloneCurrentTreeToIdealTree
28 silly cloneCurrentTree Finishing
29 silly loadShrinkwrap Starting
30 silly install loadShrinkwrap
31 silly loadShrinkwrap Finishing
32 silly loadAllDepsIntoIdealTree Starting
33 silly install loadAllDepsIntoIdealTree
34 silly resolveWithNewModule nvm@0.0.3 checking installable status
35 silly cache add args [ 'nvm', null ]
36 verbose cache add spec nvm
37 silly cache add parsed spec Result {
37 silly cache add   raw: 'nvm',
37 silly cache add   scope: null,
37 silly cache add   name: 'nvm',
37 silly cache add   rawSpec: '',
37 silly cache add   spec: '*',
37 silly cache add   type: 'range' }
38 silly addNamed nvm@*
39 verbose addNamed "*" is a valid semver range for nvm
40 silly addNameRange { name: 'nvm', range: '*', hasData: false }
41 silly mapToRegistry name nvm
42 silly mapToRegistry using default registry
43 silly mapToRegistry registry https://registry.npmjs.org/
44 silly mapToRegistry uri https://registry.npmjs.org/nvm
45 verbose addNameRange registry:https://registry.npmjs.org/nvm not in flight; fetching
46 verbose get https://registry.npmjs.org/nvm not expired, no request
47 silly addNameRange number 2 { name: 'nvm', range: '*', hasData: true }
48 silly addNameRange versions [ 'nvm', [ '0.0.3' ] ]
49 silly addNamed nvm@0.0.3
50 verbose addNamed "0.0.3" is a plain semver version for nvm
51 warn deprecated nvm@0.0.3: This is NOT the correct nvm. Visit http://nvm.sh and use the curl command to install it.
52 silly mapToRegistry name nvm
53 silly mapToRegistry using default registry
54 silly mapToRegistry registry https://registry.npmjs.org/
55 silly mapToRegistry uri https://registry.npmjs.org/nvm
56 verbose addRemoteTarball https://registry.npmjs.org/nvm/-/nvm-0.0.3.tgz not in flight; adding
57 verbose addRemoteTarball [ 'https://registry.npmjs.org/nvm/-/nvm-0.0.3.tgz',
57 verbose addRemoteTarball   '1f39d2dfd16bf661534a3f7145134f4bbbef6da4' ]
58 info retry fetch attempt 1 at 4:20:34 PM
59 info attempt registry request try #1 at 4:20:34 PM
60 http fetch GET https://registry.npmjs.org/nvm/-/nvm-0.0.3.tgz
61 http fetch 200 https://registry.npmjs.org/nvm/-/nvm-0.0.3.tgz
62 silly fetchAndShaCheck shasum 1f39d2dfd16bf661534a3f7145134f4bbbef6da4
63 verbose addTmpTarball /var/folders/0t/08s8201n1yn5xshn3nxqmzz00000gn/T/npm-20352-c4a86934/registry.npmjs.org/nvm/-/nvm-0.0.3.tgz not in flight; adding
64 verbose addTmpTarball already have metadata; skipping unpack for nvm@0.0.3
65 silly cache afterAdd nvm@0.0.3
66 verbose afterAdd /Users/christinesunu/.npm/nvm/0.0.3/package/package.json not in flight; writing
67 verbose afterAdd /Users/christinesunu/.npm/nvm/0.0.3/package/package.json written
68 silly fetchNamedPackageData mkdirp
69 silly mapToRegistry name mkdirp
70 silly mapToRegistry using default registry
71 silly mapToRegistry registry https://registry.npmjs.org/
72 silly mapToRegistry uri https://registry.npmjs.org/mkdirp
73 verbose request uri https://registry.npmjs.org/mkdirp
74 verbose request no auth needed
75 info attempt registry request try #1 at 4:20:34 PM
76 http request GET https://registry.npmjs.org/mkdirp
77 http 200 https://registry.npmjs.org/mkdirp
78 verbose headers { server: 'CouchDB/1.5.0 (Erlang OTP/R16B03)',
78 verbose headers   etag: '"YAX2B9UNREGIY1FFDF7009V7"',
78 verbose headers   'content-type': 'application/json',
78 verbose headers   'cache-control': 'max-age=300',
78 verbose headers   'content-length': '23634',
78 verbose headers   'accept-ranges': 'bytes',
78 verbose headers   date: 'Sat, 13 Feb 2016 00:20:35 GMT',
78 verbose headers   via: '1.1 varnish',
78 verbose headers   age: '67',
78 verbose headers   connection: 'keep-alive',
78 verbose headers   'x-served-by': 'cache-sjc3120-SJC',
78 verbose headers   'x-cache': 'HIT',
78 verbose headers   'x-cache-hits': '9',
78 verbose headers   'x-timer': 'S1455322835.300691,VS0,VE0',
78 verbose headers   vary: 'Accept' }
79 silly get cb [ 200,
79 silly get   { server: 'CouchDB/1.5.0 (Erlang OTP/R16B03)',
79 silly get     etag: '"YAX2B9UNREGIY1FFDF7009V7"',
79 silly get     'content-type': 'application/json',
79 silly get     'cache-control': 'max-age=300',
79 silly get     'content-length': '23634',
79 silly get     'accept-ranges': 'bytes',
79 silly get     date: 'Sat, 13 Feb 2016 00:20:35 GMT',
79 silly get     via: '1.1 varnish',
79 silly get     age: '67',
79 silly get     connection: 'keep-alive',
79 silly get     'x-served-by': 'cache-sjc3120-SJC',
79 silly get     'x-cache': 'HIT',
79 silly get     'x-cache-hits': '9',
79 silly get     'x-timer': 'S1455322835.300691,VS0,VE0',
79 silly get     vary: 'Accept' } ]
80 verbose get saving mkdirp to /Users/christinesunu/.npm/registry.npmjs.org/mkdirp/.cache.json
81 silly resolveWithNewModule mkdirp@0.3.5 checking installable status
82 silly cache add args [ 'mkdirp@~0.3.3', null ]
83 verbose cache add spec mkdirp@~0.3.3
84 silly cache add parsed spec Result {
84 silly cache add   raw: 'mkdirp@~0.3.3',
84 silly cache add   scope: null,
84 silly cache add   name: 'mkdirp',
84 silly cache add   rawSpec: '~0.3.3',
84 silly cache add   spec: '>=0.3.3 <0.4.0',
84 silly cache add   type: 'range' }
85 silly addNamed mkdirp@>=0.3.3 <0.4.0
86 verbose addNamed ">=0.3.3 <0.4.0" is a valid semver range for mkdirp
87 silly addNameRange { name: 'mkdirp', range: '>=0.3.3 <0.4.0', hasData: false }
88 silly mapToRegistry name mkdirp
89 silly mapToRegistry using default registry
90 silly mapToRegistry registry https://registry.npmjs.org/
91 silly mapToRegistry uri https://registry.npmjs.org/mkdirp
92 verbose addNameRange registry:https://registry.npmjs.org/mkdirp not in flight; fetching
93 verbose get https://registry.npmjs.org/mkdirp not expired, no request
94 silly addNameRange number 2 { name: 'mkdirp', range: '>=0.3.3 <0.4.0', hasData: true }
95 silly addNameRange versions [ 'mkdirp',
95 silly addNameRange   [ '0.0.1',
95 silly addNameRange     '0.0.2',
95 silly addNameRange     '0.0.3',
95 silly addNameRange     '0.0.4',
95 silly addNameRange     '0.0.5',
95 silly addNameRange     '0.0.6',
95 silly addNameRange     '0.0.7',
95 silly addNameRange     '0.1.0',
95 silly addNameRange     '0.2.0',
95 silly addNameRange     '0.2.1',
95 silly addNameRange     '0.2.2',
95 silly addNameRange     '0.3.0',
95 silly addNameRange     '0.3.1',
95 silly addNameRange     '0.3.2',
95 silly addNameRange     '0.3.3',
95 silly addNameRange     '0.3.4',
95 silly addNameRange     '0.3.5',
95 silly addNameRange     '0.4.0',
95 silly addNameRange     '0.4.1',
95 silly addNameRange     '0.4.2',
95 silly addNameRange     '0.5.0',
95 silly addNameRange     '0.5.1' ] ]
96 silly addNamed mkdirp@0.3.5
97 verbose addNamed "0.3.5" is a plain semver version for mkdirp
98 silly mapToRegistry name mkdirp
99 silly mapToRegistry using default registry
100 silly mapToRegistry registry https://registry.npmjs.org/
101 silly mapToRegistry uri https://registry.npmjs.org/mkdirp
102 verbose addRemoteTarball https://registry.npmjs.org/mkdirp/-/mkdirp-0.3.5.tgz not in flight; adding
103 verbose addRemoteTarball [ 'https://registry.npmjs.org/mkdirp/-/mkdirp-0.3.5.tgz',
103 verbose addRemoteTarball   'de3e5f8961c88c787ee1368df849ac4413eca8d7' ]
104 info retry fetch attempt 1 at 4:20:34 PM
105 info attempt registry request try #1 at 4:20:34 PM
106 http fetch GET https://registry.npmjs.org/mkdirp/-/mkdirp-0.3.5.tgz
107 http fetch 200 https://registry.npmjs.org/mkdirp/-/mkdirp-0.3.5.tgz
108 silly fetchAndShaCheck shasum de3e5f8961c88c787ee1368df849ac4413eca8d7
109 verbose addTmpTarball /var/folders/0t/08s8201n1yn5xshn3nxqmzz00000gn/T/npm-20352-c4a86934/registry.npmjs.org/mkdirp/-/mkdirp-0.3.5.tgz not in flight; adding
110 verbose addTmpTarball already have metadata; skipping unpack for mkdirp@0.3.5
111 silly cache afterAdd mkdirp@0.3.5
112 verbose afterAdd /Users/christinesunu/.npm/mkdirp/0.3.5/package/package.json not in flight; writing
113 verbose afterAdd /Users/christinesunu/.npm/mkdirp/0.3.5/package/package.json written
114 silly loadAllDepsIntoIdealTree Finishing
115 silly idealTree:prePrune lib
115 silly idealTree:prePrune └─┬ nvm@0.0.3
115 silly idealTree:prePrune   └── mkdirp@0.3.5
116 silly loadIdealTree Finishing
117 silly currentTree lib
118 silly idealTree lib
118 silly idealTree └─┬ nvm@0.0.3
118 silly idealTree   └── mkdirp@0.3.5
119 silly generateActionsToTake Starting
120 silly install generateActionsToTake
121 silly generateActionsToTake Finishing
122 silly diffTrees action count 2
123 silly diffTrees add mkdirp@0.3.5
124 silly diffTrees add nvm@0.0.3
125 silly decomposeActions action count 16
126 silly decomposeActions fetch mkdirp@0.3.5
127 silly decomposeActions extract mkdirp@0.3.5
128 silly decomposeActions preinstall mkdirp@0.3.5
129 silly decomposeActions build mkdirp@0.3.5
130 silly decomposeActions install mkdirp@0.3.5
131 silly decomposeActions postinstall mkdirp@0.3.5
132 silly decomposeActions test mkdirp@0.3.5
133 silly decomposeActions finalize mkdirp@0.3.5
134 silly decomposeActions fetch nvm@0.0.3
135 silly decomposeActions extract nvm@0.0.3
136 silly decomposeActions preinstall nvm@0.0.3
137 silly decomposeActions build nvm@0.0.3
138 silly decomposeActions install nvm@0.0.3
139 silly decomposeActions postinstall nvm@0.0.3
140 silly decomposeActions test nvm@0.0.3
141 silly decomposeActions finalize nvm@0.0.3
142 silly executeActions Starting
143 silly install executeActions
144 silly doSerial global-install 0
145 silly doParallel fetch 2
146 verbose lock using /Users/christinesunu/.npm/_locks/staging-3a08f0df5026584d.lock for /usr/local/lib/node_modules/.staging
147 silly doParallel extract 2
148 silly extract mkdirp@0.3.5
149 silly extract nvm@0.0.3
150 verbose unbuild lib/node_modules/.staging/mkdirp-1c4dce5f11660d1333694610b592731e
151 verbose unbuild lib/node_modules/.staging/nvm-4fb631e496e316a7ed7e320ae491a3e4
152 silly gentlyRm /usr/local/lib/node_modules/.staging/mkdirp-1c4dce5f11660d1333694610b592731e is being purged from base /usr/local
153 silly gentlyRm /usr/local/lib/node_modules/.staging/nvm-4fb631e496e316a7ed7e320ae491a3e4 is being purged from base /usr/local
154 verbose gentlyRm don't care about contents; nuking /usr/local/lib/node_modules/.staging/mkdirp-1c4dce5f11660d1333694610b592731e
155 verbose gentlyRm don't care about contents; nuking /usr/local/lib/node_modules/.staging/nvm-4fb631e496e316a7ed7e320ae491a3e4
156 verbose tar unpack /Users/christinesunu/.npm/mkdirp/0.3.5/package.tgz
157 verbose tar unpacking to /usr/local/lib/node_modules/.staging/mkdirp-1c4dce5f11660d1333694610b592731e
158 silly gentlyRm /usr/local/lib/node_modules/.staging/mkdirp-1c4dce5f11660d1333694610b592731e is being purged
159 verbose tar unpack /Users/christinesunu/.npm/nvm/0.0.3/package.tgz
160 verbose tar unpacking to /usr/local/lib/node_modules/.staging/nvm-4fb631e496e316a7ed7e320ae491a3e4
161 silly gentlyRm /usr/local/lib/node_modules/.staging/nvm-4fb631e496e316a7ed7e320ae491a3e4 is being purged
162 verbose gentlyRm don't care about contents; nuking /usr/local/lib/node_modules/.staging/mkdirp-1c4dce5f11660d1333694610b592731e
163 verbose gentlyRm don't care about contents; nuking /usr/local/lib/node_modules/.staging/nvm-4fb631e496e316a7ed7e320ae491a3e4
164 silly gunzTarPerm modes [ '755', '644' ]
165 silly gunzTarPerm modes [ '755', '644' ]
166 silly gunzTarPerm extractEntry package.json
167 silly gunzTarPerm extractEntry package.json
168 silly gunzTarPerm extractEntry .npmignore
169 silly gunzTarPerm extractEntry LICENSE
170 silly gunzTarPerm extractEntry .npmignore
171 silly gunzTarPerm extractEntry README.md
172 silly gunzTarPerm extractEntry index.js
173 silly gunzTarPerm extractEntry examples/pow.js
174 silly gunzTarPerm extractEntry bin/aliases.json
175 silly gunzTarPerm extractEntry bin/nvm
176 silly gunzTarPerm extractEntry bin/nvm-build
177 silly gunzTarPerm extractEntry bin/nvm-download
178 silly gunzTarPerm extractEntry readme.markdown
179 silly gunzTarPerm extractEntry test/perm.js
180 silly gunzTarPerm extractEntry bin/nvm-install
181 silly gunzTarPerm extractEntry bin/nvm-link
182 silly gunzTarPerm extractEntry bin/nvm-ls
183 silly gunzTarPerm extractEntry bin/nvm-unlink
184 silly gunzTarPerm extractEntry lib/get-node-versions.js
185 silly gunzTarPerm extractEntry test/perm_sync.js
186 silly gunzTarPerm extractEntry test/race.js
187 silly gunzTarPerm extractEntry test/rel.js
188 silly gunzTarPerm extractEntry test/return.js
189 silly gunzTarPerm extractEntry test/clobber.js
190 silly gunzTarPerm extractEntry test/root.js
191 silly gunzTarPerm extractEntry test/umask.js
192 silly gunzTarPerm extractEntry test/sync.js
193 silly gunzTarPerm extractEntry test/chmod.js
194 silly gunzTarPerm extractEntry test/umask_sync.js
195 silly gunzTarPerm extractEntry test/return_sync.js
196 silly gunzTarPerm extractEntry test/mkdirp.js
197 silly gunzTarPerm extractEntry .travis.yml
198 silly doParallel preinstall 2
199 silly preinstall mkdirp@0.3.5 /usr/local/lib/node_modules/.staging/mkdirp-1c4dce5f11660d1333694610b592731e
200 info lifecycle mkdirp@0.3.5~preinstall: mkdirp@0.3.5
201 silly preinstall nvm@0.0.3 /usr/local/lib/node_modules/.staging/nvm-4fb631e496e316a7ed7e320ae491a3e4
202 info lifecycle nvm@0.0.3~preinstall: nvm@0.0.3
203 silly lifecycle mkdirp@0.3.5~preinstall: no script for preinstall, continuing
204 silly lifecycle nvm@0.0.3~preinstall: no script for preinstall, continuing
205 silly doReverseSerial remove 0
206 silly doSerial move 0
207 silly doSerial finalize 2
208 silly finalize /usr/local/lib/node_modules/nvm/node_modules/mkdirp
209 silly finalize /usr/local/lib/node_modules/nvm
210 silly doSerial build 2
211 silly build mkdirp@0.3.5
212 info linkStuff mkdirp@0.3.5
213 silly linkStuff mkdirp@0.3.5 has /usr/local/lib/node_modules/nvm/node_modules as its parent node_modules
214 silly linkStuff mkdirp@0.3.5 is part of a global install
215 silly linkStuff mkdirp@0.3.5 is installed into a global node_modules
216 verbose linkBins mkdirp@0.3.5
217 verbose linkMans mkdirp@0.3.5
218 silly build nvm@0.0.3
219 info linkStuff nvm@0.0.3
220 silly linkStuff nvm@0.0.3 has /usr/local/lib/node_modules as its parent node_modules
221 silly linkStuff nvm@0.0.3 is part of a global install
222 silly linkStuff nvm@0.0.3 is installed into a global node_modules
223 silly linkStuff nvm@0.0.3 is installed into the top-level global node_modules
224 verbose linkBins nvm@0.0.3
225 verbose link bins [ { nvm: './bin/nvm' }, '/usr/local/bin', true ]
226 verbose linkMans nvm@0.0.3
227 silly gentlyRm /usr/local/bin/nvm is being gently removed
228 silly gentlyRm verifying /usr/local is an npm working directory
229 silly gentlyRm containing path /usr/local is under npm's control, in /usr/local
230 silly gentlyRm deletion target /usr/local/bin/nvm is under /usr/local
231 verbose gentlyRm vacuuming from /usr/local/bin/nvm up to /usr/local
232 verbose unlock done using /Users/christinesunu/.npm/_locks/staging-3a08f0df5026584d.lock for /usr/local/lib/node_modules/.staging
233 silly rollbackFailedOptional Starting
234 silly rollbackFailedOptional Finishing
235 silly runTopLevelLifecycles Starting
236 silly runTopLevelLifecycles Finishing
237 silly install printInstalled
238 verbose stack Error: EACCES: permission denied, symlink '../lib/node_modules/nvm/bin/nvm' -> '/usr/local/bin/nvm'
238 verbose stack     at Error (native)
239 verbose cwd /Users/christinesunu/git/buddy-test/v2/data-record/firmware
240 error Darwin 14.5.0
241 error argv "/usr/local/Cellar/node/5.1.1/bin/node" "/usr/local/bin/npm" "install" "-g" "nvm"
242 error node v5.1.1
243 error npm  v3.3.12
244 error path ../lib/node_modules/nvm/bin/nvm
245 error code EACCES
246 error errno -13
247 error syscall symlink
248 error Error: EACCES: permission denied, symlink '../lib/node_modules/nvm/bin/nvm' -> '/usr/local/bin/nvm'
248 error     at Error (native)
248 error  { [Error: EACCES: permission denied, symlink '../lib/node_modules/nvm/bin/nvm' -> '/usr/local/bin/nvm']
248 error   errno: -13,
248 error   code: 'EACCES',
248 error   syscall: 'symlink',
248 error   path: '../lib/node_modules/nvm/bin/nvm',
248 error   dest: '/usr/local/bin/nvm' }
249 error Please try running this command again as root/Administrator.
250 verbose exit [ -13, true ]
